Determining if the pthread_create exist failed with the following output:
Change Dir: /home/hlh/iclsimu_ws/build/CMakeFiles/CMakeTmp

Run Build Command:"/usr/bin/make" "cmTC_afd5d/fast"
/usr/bin/make -f CMakeFiles/cmTC_afd5d.dir/build.make CMakeFiles/cmTC_afd5d.dir/build
make[1]: 进入目录“/home/hlh/iclsimu_ws/build/CMakeFiles/CMakeTmp”
Building C object CMakeFiles/cmTC_afd5d.dir/CheckSymbolExists.c.o
/usr/bin/cc    -o CMakeFiles/cmTC_afd5d.dir/CheckSymbolExists.c.o   -c /home/hlh/iclsimu_ws/build/CMakeFiles/CMakeTmp/CheckSymbolExists.c
Linking C executable cmTC_afd5d
/opt/cmake-3.13.5/bin/cmake -E cmake_link_script CMakeFiles/cmTC_afd5d.dir/link.txt --verbose=1
/usr/bin/cc      -rdynamic CMakeFiles/cmTC_afd5d.dir/CheckSymbolExists.c.o  -o cmTC_afd5d 
CMakeFiles/cmTC_afd5d.dir/CheckSymbolExists.c.o：在函数‘main’中：
CheckSymbolExists.c:(.text+0x1b)：对‘pthread_create’未定义的引用
collect2: error: ld returned 1 exit status
CMakeFiles/cmTC_afd5d.dir/build.make:86: recipe for target 'cmTC_afd5d' failed
make[1]: *** [cmTC_afd5d] Error 1
make[1]: 离开目录“/home/hlh/iclsimu_ws/build/CMakeFiles/CMakeTmp”
Makefile:121: recipe for target 'cmTC_afd5d/fast' failed
make: *** [cmTC_afd5d/fast] Error 2

File /home/hlh/iclsimu_ws/build/CMakeFiles/CMakeTmp/CheckSymbolExists.c:
/* */
#include <pthread.h>

int main(int argc, char** argv)
{
  (void)argv;
#ifndef pthread_create
  return ((int*)(&pthread_create))[argc];
#else
  (void)argc;
  return 0;
#endif
}

Determining if the function pthread_create exists in the pthreads failed with the following output:
Change Dir: /home/hlh/iclsimu_ws/build/CMakeFiles/CMakeTmp

Run Build Command:"/usr/bin/make" "cmTC_9a3fd/fast"
/usr/bin/make -f CMakeFiles/cmTC_9a3fd.dir/build.make CMakeFiles/cmTC_9a3fd.dir/build
make[1]: 进入目录“/home/hlh/iclsimu_ws/build/CMakeFiles/CMakeTmp”
Building C object CMakeFiles/cmTC_9a3fd.dir/CheckFunctionExists.c.o
/usr/bin/cc   -DCHECK_FUNCTION_EXISTS=pthread_create   -o CMakeFiles/cmTC_9a3fd.dir/CheckFunctionExists.c.o   -c /opt/cmake-3.13.5/share/cmake-3.13/Modules/CheckFunctionExists.c
Linking C executable cmTC_9a3fd
/opt/cmake-3.13.5/bin/cmake -E cmake_link_script CMakeFiles/cmTC_9a3fd.dir/link.txt --verbose=1
/usr/bin/cc  -DCHECK_FUNCTION_EXISTS=pthread_create    -rdynamic CMakeFiles/cmTC_9a3fd.dir/CheckFunctionExists.c.o  -o cmTC_9a3fd -lpthreads 
/usr/bin/ld: 找不到 -lpthreads
collect2: error: ld returned 1 exit status
CMakeFiles/cmTC_9a3fd.dir/build.make:86: recipe for target 'cmTC_9a3fd' failed
make[1]: *** [cmTC_9a3fd] Error 1
make[1]: 离开目录“/home/hlh/iclsimu_ws/build/CMakeFiles/CMakeTmp”
Makefile:121: recipe for target 'cmTC_9a3fd/fast' failed
make: *** [cmTC_9a3fd/fast] Error 2


